This is pdfTeX, Version 3.14159265-2.6-1.40.16 (TeX Live 2015/Debian) (preloaded format=pdflatex 2019.1.21)  20 MAR 2019 19:57
entering extended mode
 restricted \write18 enabled.
 %&-line parsing enabled.
**thesis.tex
(./thesis.tex
LaTeX2e <2016/02/01>
Babel <3.9q> and hyphenation patterns for 81 language(s) loaded.
(./puthesis.cls
Document Class: puthesis 2008/05/02 v1.4 Princeton University Thesis class
(/usr/share/texlive/texmf-dist/tex/latex/setspace/setspace.sty
Package: setspace 2011/12/19 v6.7a set line spacing
)
\c@subyear=\count79

(/usr/share/texlive/texmf-dist/tex/latex/base/report.cls
Document Class: report 2014/09/29 v1.4h Standard LaTeX document class
(/usr/share/texlive/texmf-dist/tex/latex/base/size12.clo
File: size12.clo 2014/09/29 v1.4h Standard LaTeX file (size option)
)
\c@part=\count80
\c@chapter=\count81
\c@section=\count82
\c@subsection=\count83
\c@subsubsection=\count84
\c@paragraph=\count85
\c@subparagraph=\count86
\c@figure=\count87
\c@table=\count88
\abovecaptionskip=\skip41
\belowcaptionskip=\skip42
\bibindent=\dimen102
))
(/usr/share/texlive/texmf-dist/tex/latex/graphics/color.sty
Package: color 2016/01/03 v1.1b Standard LaTeX Color (DPC)

(/usr/share/texlive/texmf-dist/tex/latex/latexconfig/color.cfg
File: color.cfg 2007/01/18 v1.5 color configuration of teTeX/TeXLive
)
Package color Info: Driver file: pdftex.def on input line 143.

(/usr/share/texlive/texmf-dist/tex/latex/pdftex-def/pdftex.def
File: pdftex.def 2011/05/27 v0.06d Graphics/color for pdfTeX

(/usr/share/texlive/texmf-dist/tex/generic/oberdiek/infwarerr.sty
Package: infwarerr 2010/04/08 v1.3 Providing info/warning/error messages (HO)
)
(/usr/share/texlive/texmf-dist/tex/generic/oberdiek/ltxcmds.sty
Package: ltxcmds 2011/11/09 v1.22 LaTeX kernel commands for general use (HO)
)
\Gread@gobject=\count89
))
(/usr/share/texlive/texmf-dist/tex/latex/booktabs/booktabs.sty
Package: booktabs 2005/04/14 v1.61803 publication quality tables
\heavyrulewidth=\dimen103
\lightrulewidth=\dimen104
\cmidrulewidth=\dimen105
\belowrulesep=\dimen106
\belowbottomsep=\dimen107
\aboverulesep=\dimen108
\abovetopsep=\dimen109
\cmidrulesep=\dimen110
\cmidrulekern=\dimen111
\defaultaddspace=\dimen112
\@cmidla=\count90
\@cmidlb=\count91
\@aboverulesep=\dimen113
\@belowrulesep=\dimen114
\@thisruleclass=\count92
\@lastruleclass=\count93
\@thisrulewidth=\dimen115
)
(/usr/share/texlive/texmf-dist/tex/latex/url/url.sty
\Urlmuskip=\muskip10
Package: url 2013/09/16  ver 3.4  Verb mode for urls, etc.
)
(/usr/share/texlive/texmf-dist/tex/latex/amsmath/amsmath.sty
Package: amsmath 2016/03/03 v2.15a AMS math features
\@mathmargin=\skip43

For additional information on amsmath, use the `?' option.
(/usr/share/texlive/texmf-dist/tex/latex/amsmath/amstext.sty
Package: amstext 2000/06/29 v2.01 AMS text

(/usr/share/texlive/texmf-dist/tex/latex/amsmath/amsgen.sty
File: amsgen.sty 1999/11/30 v2.0 generic functions
\@emptytoks=\toks14
\ex@=\dimen116
))
(/usr/share/texlive/texmf-dist/tex/latex/amsmath/amsbsy.sty
Package: amsbsy 1999/11/29 v1.2d Bold Symbols
\pmbraise@=\dimen117
)
(/usr/share/texlive/texmf-dist/tex/latex/amsmath/amsopn.sty
Package: amsopn 1999/12/14 v2.01 operator names
)
\inf@bad=\count94
LaTeX Info: Redefining \frac on input line 199.
\uproot@=\count95
\leftroot@=\count96
LaTeX Info: Redefining \overline on input line 297.
\classnum@=\count97
\DOTSCASE@=\count98
LaTeX Info: Redefining \ldots on input line 394.
LaTeX Info: Redefining \dots on input line 397.
LaTeX Info: Redefining \cdots on input line 518.
\Mathstrutbox@=\box26
\strutbox@=\box27
\big@size=\dimen118
LaTeX Font Info:    Redeclaring font encoding OML on input line 630.
LaTeX Font Info:    Redeclaring font encoding OMS on input line 631.
\macc@depth=\count99
\c@MaxMatrixCols=\count100
\dotsspace@=\muskip11
\c@parentequation=\count101
\dspbrk@lvl=\count102
\tag@help=\toks15
\row@=\count103
\column@=\count104
\maxfields@=\count105
\andhelp@=\toks16
\eqnshift@=\dimen119
\alignsep@=\dimen120
\tagshift@=\dimen121
\tagwidth@=\dimen122
\totwidth@=\dimen123
\lineht@=\dimen124
\@envbody=\toks17
\multlinegap=\skip44
\multlinetaggap=\skip45
\mathdisplay@stack=\toks18
LaTeX Info: Redefining \[ on input line 2735.
LaTeX Info: Redefining \] on input line 2736.
)
(/usr/share/texlive/texmf-dist/tex/latex/amscls/amsthm.sty
Package: amsthm 2015/03/04 v2.20.2
\thm@style=\toks19
\thm@bodyfont=\toks20
\thm@headfont=\toks21
\thm@notefont=\toks22
\thm@headpunct=\toks23
\thm@preskip=\skip46
\thm@postskip=\skip47
\thm@headsep=\skip48
\dth@everypar=\toks24
)
(/usr/share/texlive/texmf-dist/tex/latex/amsfonts/amssymb.sty
Package: amssymb 2013/01/14 v3.01 AMS font symbols

(/usr/share/texlive/texmf-dist/tex/latex/amsfonts/amsfonts.sty
Package: amsfonts 2013/01/14 v3.01 Basic AMSFonts support
\symAMSa=\mathgroup4
\symAMSb=\mathgroup5
LaTeX Font Info:    Overwriting math alphabet `\mathfrak' in version `bold'
(Font)                  U/euf/m/n --> U/euf/b/n on input line 106.
))
(/usr/share/texlive/texmf-dist/tex/latex/algorithms/algorithm.sty
Package: algorithm 2009/08/24 v0.1 Document Style `algorithm' - floating enviro
nment

(/usr/share/texlive/texmf-dist/tex/latex/float/float.sty
Package: float 2001/11/08 v1.3d Float enhancements (AL)
\c@float@type=\count106
\float@exts=\toks25
\float@box=\box28
\@float@everytoks=\toks26
\@floatcapt=\box29
)
(/usr/share/texlive/texmf-dist/tex/latex/base/ifthen.sty
Package: ifthen 2014/09/29 v1.1c Standard LaTeX ifthen package (DPC)
)
\@float@every@algorithm=\toks27
\c@algorithm=\count107
)
(/usr/share/texlive/texmf-dist/tex/latex/algorithmicx/algpseudocode.sty
Package: algpseudocode 

(/usr/share/texlive/texmf-dist/tex/latex/algorithmicx/algorithmicx.sty
Package: algorithmicx 2005/04/27 v1.2 Algorithmicx

Document Style algorithmicx 1.2 - a greatly improved `algorithmic' style
\c@ALG@line=\count108
\c@ALG@rem=\count109
\c@ALG@nested=\count110
\ALG@tlm=\skip49
\ALG@thistlm=\skip50
\c@ALG@Lnr=\count111
\c@ALG@blocknr=\count112
\c@ALG@storecount=\count113
\c@ALG@tmpcounter=\count114
\ALG@tmplength=\skip51
)
Document Style - pseudocode environments for use with the `algorithmicx' style
) (/usr/share/texlive/texmf-dist/tex/latex/tools/enumerate.sty
Package: enumerate 2015/07/23 v3.00 enumerate extensions (DPC)
\@enLab=\toks28
)
(/usr/share/texlive/texmf-dist/tex/latex/multirow/multirow.sty
\bigstrutjot=\dimen125
)
(/usr/share/texlive/texmf-dist/tex/latex/dirtytalk/dirtytalk.sty
Package: dirtytalk 2010/11/21 A package making "quoting" easier

(/usr/share/texlive/texmf-dist/tex/latex/oberdiek/kvoptions.sty
Package: kvoptions 2011/06/30 v3.11 Key value format for package options (HO)

(/usr/share/texlive/texmf-dist/tex/latex/graphics/keyval.sty
Package: keyval 2014/10/28 v1.15 key=value parser (DPC)
\KV@toks@=\toks29
)
(/usr/share/texlive/texmf-dist/tex/generic/oberdiek/kvsetkeys.sty
Package: kvsetkeys 2012/04/25 v1.16 Key value parser (HO)

(/usr/share/texlive/texmf-dist/tex/generic/oberdiek/etexcmds.sty
Package: etexcmds 2011/02/16 v1.5 Avoid name clashes with e-TeX commands (HO)

(/usr/share/texlive/texmf-dist/tex/generic/oberdiek/ifluatex.sty
Package: ifluatex 2010/03/01 v1.3 Provides the ifluatex switch (HO)
Package ifluatex Info: LuaTeX not detected.
)
Package etexcmds Info: Could not find \expanded.
(etexcmds)             That can mean that you are not using pdfTeX 1.50 or
(etexcmds)             that some package has redefined \expanded.
(etexcmds)             In the latter case, load this package earlier.
)))
\c@dirtytalk@qdepth=\count115
)
(/usr/share/texlive/texmf-dist/tex/latex/preprint/balance.sty
Package: balance 1999/02/23 4.3 (PWD)
\oldvsize=\dimen126
)
(/usr/share/texlive/texmf-dist/tex/latex/graphics/graphicx.sty
Package: graphicx 2014/10/28 v1.0g Enhanced LaTeX Graphics (DPC,SPQR)

(/usr/share/texlive/texmf-dist/tex/latex/graphics/graphics.sty
Package: graphics 2016/01/03 v1.0q Standard LaTeX Graphics (DPC,SPQR)

(/usr/share/texlive/texmf-dist/tex/latex/graphics/trig.sty
Package: trig 2016/01/03 v1.10 sin cos tan (DPC)
)
(/usr/share/texlive/texmf-dist/tex/latex/latexconfig/graphics.cfg
File: graphics.cfg 2010/04/23 v1.9 graphics configuration of TeX Live
)
Package graphics Info: Driver file: pdftex.def on input line 95.
)
\Gin@req@height=\dimen127
\Gin@req@width=\dimen128
)
(/usr/share/texlive/texmf-dist/tex/latex/adjustbox/adjustbox.sty
Package: adjustbox 2012/05/21 v1.0 Adjusting TeX boxes (trim, clip, ...)

(/usr/share/texlive/texmf-dist/tex/latex/xkeyval/xkeyval.sty
Package: xkeyval 2014/12/03 v2.7a package option processing (HA)

(/usr/share/texlive/texmf-dist/tex/generic/xkeyval/xkeyval.tex
(/usr/share/texlive/texmf-dist/tex/generic/xkeyval/xkvutils.tex
\XKV@toks=\toks30
\XKV@tempa@toks=\toks31
)
\XKV@depth=\count116
File: xkeyval.tex 2014/12/03 v2.7a key=value parser (HA)
))
(/usr/share/texlive/texmf-dist/tex/latex/adjustbox/adjcalc.sty
Package: adjcalc 2012/05/16 v1.1 Provides advanced setlength with multiple back
-ends (calc, etex, pgfmath)
)
(/usr/share/texlive/texmf-dist/tex/latex/adjustbox/trimclip.sty
Package: trimclip 2012/05/16 v1.0 Trim and clip general TeX material

(/usr/share/texlive/texmf-dist/tex/latex/collectbox/collectbox.sty
Package: collectbox 2012/05/17 v0.4b Collect macro arguments as boxes
\collectedbox=\box30
)
\tc@llx=\dimen129
\tc@lly=\dimen130
\tc@urx=\dimen131
\tc@ury=\dimen132
Package trimclip Info: Using driver 'tc-pdftex.def'.

(/usr/share/texlive/texmf-dist/tex/latex/adjustbox/tc-pdftex.def
File: tc-pdftex.def 2012/05/13 v1.0 Clipping driver for pdftex
))
\adjbox@Width=\dimen133
\adjbox@Height=\dimen134
\adjbox@Depth=\dimen135
\adjbox@Totalheight=\dimen136

(/usr/share/texlive/texmf-dist/tex/latex/ifoddpage/ifoddpage.sty
Package: ifoddpage 2011/09/13 v1.0 Conditionals for odd/even page detection
\c@checkoddpage=\count117
)
(/usr/share/texlive/texmf-dist/tex/latex/varwidth/varwidth.sty
Package: varwidth 2009/03/30 ver 0.92;  Variable-width minipages
\@vwid@box=\box31
\sift@deathcycles=\count118
\@vwid@loff=\dimen137
\@vwid@roff=\dimen138
))
(/usr/share/texlive/texmf-dist/tex/latex/enumitem/enumitem.sty
Package: enumitem 2011/09/28 v3.5.2 Customized lists
\labelindent=\skip52
\enit@outerparindent=\dimen139
\enit@toks=\toks32
\enit@inbox=\box32
\enitdp@description=\count119
)
(/usr/share/texlive/texmf-dist/tex/latex/listings/listings.sty
\lst@mode=\count120
\lst@gtempboxa=\box33
\lst@token=\toks33
\lst@length=\count121
\lst@currlwidth=\dimen140
\lst@column=\count122
\lst@pos=\count123
\lst@lostspace=\dimen141
\lst@width=\dimen142
\lst@newlines=\count124
\lst@lineno=\count125
\lst@maxwidth=\dimen143

(/usr/share/texlive/texmf-dist/tex/latex/listings/lstmisc.sty
File: lstmisc.sty 2015/06/04 1.6 (Carsten Heinz)
\c@lstnumber=\count126
\lst@skipnumbers=\count127
\lst@framebox=\box34
)
(/usr/share/texlive/texmf-dist/tex/latex/listings/listings.cfg
File: listings.cfg 2015/06/04 1.6 listings configuration
))
Package: listings 2015/06/04 1.6 (Carsten Heinz)

(/usr/share/texlive/texmf-dist/tex/latex/xcolor/xcolor.sty
Package: xcolor 2007/01/21 v2.11 LaTeX color extensions (UK)

(/usr/share/texlive/texmf-dist/tex/latex/latexconfig/color.cfg
File: color.cfg 2007/01/18 v1.5 color configuration of teTeX/TeXLive
)
Package xcolor Info: Driver file: pdftex.def on input line 225.
LaTeX Info: Redefining \color on input line 702.
Package xcolor Info: Model `cmy' substituted by `cmy0' on input line 1337.
Package xcolor Info: Model `hsb' substituted by `rgb' on input line 1341.
Package xcolor Info: Model `RGB' extended on input line 1353.
Package xcolor Info: Model `HTML' substituted by `rgb' on input line 1355.
Package xcolor Info: Model `Hsb' substituted by `hsb' on input line 1356.
Package xcolor Info: Model `tHsb' substituted by `hsb' on input line 1357.
Package xcolor Info: Model `HSB' substituted by `hsb' on input line 1358.
Package xcolor Info: Model `Gray' substituted by `gray' on input line 1359.
Package xcolor Info: Model `wave' substituted by `hsb' on input line 1360.
)
(/usr/share/texlive/texmf-dist/tex/latex/subfig/subfig.sty
Package: subfig 2005/06/28 ver: 1.3 subfig package

(/usr/share/texlive/texmf-dist/tex/latex/caption/caption3.sty
Package: caption3 2016/02/04 v1.7-139 caption3 kernel (AR)
Package caption3 Info: TeX engine: e-TeX on input line 67.
\captionmargin=\dimen144
\captionmargin@=\dimen145
\captionwidth=\dimen146
\caption@tempdima=\dimen147
\caption@indent=\dimen148
\caption@parindent=\dimen149
\caption@hangindent=\dimen150
)
\c@KVtest=\count128
\sf@farskip=\skip53
\sf@captopadj=\dimen151
\sf@capskip=\skip54
\sf@nearskip=\skip55
\c@subfigure=\count129
\c@subfigure@save=\count130
\c@lofdepth=\count131
\c@subtable=\count132
\c@subtable@save=\count133
\c@lotdepth=\count134
\sf@top=\skip56
\sf@bottom=\skip57
)
(/usr/share/texlive/texmf-dist/tex/latex/listings/lstlang1.sty
File: lstlang1.sty 2015/06/04 1.6 listings language file
)
(/usr/share/texlive/texmf-dist/tex/latex/listings/lstlang1.sty
File: lstlang1.sty 2015/06/04 1.6 listings language file
)
(/usr/share/texlive/texmf-dist/tex/latex/listings/lstmisc.sty
File: lstmisc.sty 2015/06/04 1.6 (Carsten Heinz)
)
(/usr/share/texlive/texmf-dist/tex/latex/tools/verbatim.sty
Package: verbatim 2014/10/28 v1.5q LaTeX2e package for verbatim enhancements
\every@verbatim=\toks34
\verbatim@line=\toks35
\verbatim@in@stream=\read1
)
(/usr/share/texlive/texmf-dist/tex/latex/tools/longtable.sty
Package: longtable 2014/10/28 v4.11 Multi-page Table package (DPC)
\LTleft=\skip58
\LTright=\skip59
\LTpre=\skip60
\LTpost=\skip61
\LTchunksize=\count135
\LTcapwidth=\dimen152
\LT@head=\box35
\LT@firsthead=\box36
\LT@foot=\box37
\LT@lastfoot=\box38
\LT@cols=\count136
\LT@rows=\count137
\c@LT@tables=\count138
\c@LT@chunks=\count139
\LT@p@ftn=\toks36
)
(/usr/share/texlive/texmf-dist/tex/latex/hyperref/hyperref.sty
Package: hyperref 2012/11/06 v6.83m Hypertext links for LaTeX

(/usr/share/texlive/texmf-dist/tex/generic/oberdiek/hobsub-hyperref.sty
Package: hobsub-hyperref 2012/05/28 v1.13 Bundle oberdiek, subset hyperref (HO)


(/usr/share/texlive/texmf-dist/tex/generic/oberdiek/hobsub-generic.sty
Package: hobsub-generic 2012/05/28 v1.13 Bundle oberdiek, subset generic (HO)
Package: hobsub 2012/05/28 v1.13 Construct package bundles (HO)
Package hobsub Info: Skipping package `infwarerr' (already loaded).
Package hobsub Info: Skipping package `ltxcmds' (already loaded).
Package hobsub Info: Skipping package `ifluatex' (already loaded).
Package: ifvtex 2010/03/01 v1.5 Detect VTeX and its facilities (HO)
Package ifvtex Info: VTeX not detected.
Package: intcalc 2007/09/27 v1.1 Expandable calculations with integers (HO)
Package: ifpdf 2011/01/30 v2.3 Provides the ifpdf switch (HO)
Package ifpdf Info: pdfTeX in PDF mode is detected.
Package hobsub Info: Skipping package `etexcmds' (already loaded).
Package hobsub Info: Skipping package `kvsetkeys' (already loaded).
Package: kvdefinekeys 2011/04/07 v1.3 Define keys (HO)
Package: pdftexcmds 2011/11/29 v0.20 Utility functions of pdfTeX for LuaTeX (HO
)
Package pdftexcmds Info: LuaTeX not detected.
Package pdftexcmds Info: \pdf@primitive is available.
Package pdftexcmds Info: \pdf@ifprimitive is available.
Package pdftexcmds Info: \pdfdraftmode found.
Package: pdfescape 2011/11/25 v1.13 Implements pdfTeX's escape features (HO)
Package: bigintcalc 2012/04/08 v1.3 Expandable calculations on big integers (HO
)
Package: bitset 2011/01/30 v1.1 Handle bit-vector datatype (HO)
Package: uniquecounter 2011/01/30 v1.2 Provide unlimited unique counter (HO)
)
Package hobsub Info: Skipping package `hobsub' (already loaded).
Package: letltxmacro 2010/09/02 v1.4 Let assignment for LaTeX macros (HO)
Package: hopatch 2012/05/28 v1.2 Wrapper for package hooks (HO)
Package: xcolor-patch 2011/01/30 xcolor patch
Package: atveryend 2011/06/30 v1.8 Hooks at the very end of document (HO)
Package atveryend Info: \enddocument detected (standard20110627).
Package: atbegshi 2011/10/05 v1.16 At begin shipout hook (HO)
Package: refcount 2011/10/16 v3.4 Data extraction from label references (HO)
Package: hycolor 2011/01/30 v1.7 Color options for hyperref/bookmark (HO)
)
(/usr/share/texlive/texmf-dist/tex/generic/ifxetex/ifxetex.sty
Package: ifxetex 2010/09/12 v0.6 Provides ifxetex conditional
)
(/usr/share/texlive/texmf-dist/tex/latex/oberdiek/auxhook.sty
Package: auxhook 2011/03/04 v1.3 Hooks for auxiliary files (HO)
)
\@linkdim=\dimen153
\Hy@linkcounter=\count140
\Hy@pagecounter=\count141

(/usr/share/texlive/texmf-dist/tex/latex/hyperref/pd1enc.def
File: pd1enc.def 2012/11/06 v6.83m Hyperref: PDFDocEncoding definition (HO)
)
\Hy@SavedSpaceFactor=\count142

(/usr/share/texlive/texmf-dist/tex/latex/latexconfig/hyperref.cfg
File: hyperref.cfg 2002/06/06 v1.2 hyperref configuration of TeXLive
)
Package hyperref Info: Hyper figures OFF on input line 4443.
Package hyperref Info: Link nesting OFF on input line 4448.
Package hyperref Info: Hyper index ON on input line 4451.
Package hyperref Info: Plain pages OFF on input line 4458.
Package hyperref Info: Backreferencing OFF on input line 4463.
Package hyperref Info: Implicit mode ON; LaTeX internals redefined.
Package hyperref Info: Bookmarks ON on input line 4688.
\c@Hy@tempcnt=\count143
LaTeX Info: Redefining \url on input line 5041.
\XeTeXLinkMargin=\dimen154
\Fld@menulength=\count144
\Field@Width=\dimen155
\Fld@charsize=\dimen156
Package hyperref Info: Hyper figures OFF on input line 6295.
Package hyperref Info: Link nesting OFF on input line 6300.
Package hyperref Info: Hyper index ON on input line 6303.
Package hyperref Info: backreferencing OFF on input line 6310.
Package hyperref Info: Link coloring OFF on input line 6315.
Package hyperref Info: Link coloring with OCG OFF on input line 6320.
Package hyperref Info: PDF/A mode OFF on input line 6325.
LaTeX Info: Redefining \ref on input line 6365.
LaTeX Info: Redefining \pageref on input line 6369.
\Hy@abspage=\count145
\c@Item=\count146
\c@Hfootnote=\count147
)

Package hyperref Message: Driver (autodetected): hpdftex.

(/usr/share/texlive/texmf-dist/tex/latex/hyperref/hpdftex.def
File: hpdftex.def 2012/11/06 v6.83m Hyperref driver for pdfTeX
\Fld@listcount=\count148
\c@bookmark@seq@number=\count149

(/usr/share/texlive/texmf-dist/tex/latex/oberdiek/rerunfilecheck.sty
Package: rerunfilecheck 2011/04/15 v1.7 Rerun checks for auxiliary files (HO)
Package uniquecounter Info: New unique counter `rerunfilecheck' on input line 2
82.
)
\Hy@SectionHShift=\skip62
)
Package hyperref Info: Option `bookmarksnumbered' set `true' on input line 147.


(./thesis.aux (./ch-intro/chapter-intro.aux)
(./ch-pastwork/chapter-pastwork.aux)
(./ch-implementation/chapter-implementation.aux)
(./ch-experimentation/chapter-experimentation.aux)
(./ch-conclusion/chapter-conclusion.aux) (./ch-appendicies/implementation.aux)
(./ch-appendicies/impl2.aux))
\openout1 = `thesis.aux'.

LaTeX Font Info:    Checking defaults for OML/cmm/m/it on input line 267.
LaTeX Font Info:    ... okay on input line 267.
LaTeX Font Info:    Checking defaults for T1/cmr/m/n on input line 267.
LaTeX Font Info:    ... okay on input line 267.
LaTeX Font Info:    Checking defaults for OT1/cmr/m/n on input line 267.
LaTeX Font Info:    ... okay on input line 267.
LaTeX Font Info:    Checking defaults for OMS/cmsy/m/n on input line 267.
LaTeX Font Info:    ... okay on input line 267.
LaTeX Font Info:    Checking defaults for OMX/cmex/m/n on input line 267.
LaTeX Font Info:    ... okay on input line 267.
LaTeX Font Info:    Checking defaults for U/cmr/m/n on input line 267.
LaTeX Font Info:    ... okay on input line 267.
LaTeX Font Info:    Checking defaults for PD1/pdf/m/n on input line 267.
LaTeX Font Info:    ... okay on input line 267.

(/usr/share/texlive/texmf-dist/tex/context/base/supp-pdf.mkii
[Loading MPS to PDF converter (version 2006.09.02).]
\scratchcounter=\count150
\scratchdimen=\dimen157
\scratchbox=\box39
\nofMPsegments=\count151
\nofMParguments=\count152
\everyMPshowfont=\toks37
\MPscratchCnt=\count153
\MPscratchDim=\dimen158
\MPnumerator=\count154
\makeMPintoPDFobject=\count155
\everyMPtoPDFconversion=\toks38
) (/usr/share/texlive/texmf-dist/tex/latex/oberdiek/epstopdf-base.sty
Package: epstopdf-base 2010/02/09 v2.5 Base part for package epstopdf

(/usr/share/texlive/texmf-dist/tex/latex/oberdiek/grfext.sty
Package: grfext 2010/08/19 v1.1 Manage graphics extensions (HO)
)
Package grfext Info: Graphics extension search list:
(grfext)             [.png,.pdf,.jpg,.mps,.jpeg,.jbig2,.jb2,.PNG,.PDF,.JPG,.JPE
G,.JBIG2,.JB2,.eps]
(grfext)             \AppendGraphicsExtensions on input line 452.

(/usr/share/texlive/texmf-dist/tex/latex/latexconfig/epstopdf-sys.cfg
File: epstopdf-sys.cfg 2010/07/13 v1.3 Configuration of (r)epstopdf for TeX Liv
e
))
\c@lstlisting=\count156
Package caption Info: Begin \AtBeginDocument code.
Package caption Info: subfig package v1.3 is loaded.
Package caption Info: End \AtBeginDocument code.
\AtBeginShipoutBox=\box40
Package hyperref Info: Link coloring OFF on input line 267.

(/usr/share/texlive/texmf-dist/tex/latex/hyperref/nameref.sty
Package: nameref 2012/10/27 v2.43 Cross-referencing by name of section

(/usr/share/texlive/texmf-dist/tex/generic/oberdiek/gettitlestring.sty
Package: gettitlestring 2010/12/03 v1.4 Cleanup title references (HO)
)
\c@section@level=\count157
)
LaTeX Info: Redefining \ref on input line 267.
LaTeX Info: Redefining \pageref on input line 267.
LaTeX Info: Redefining \nameref on input line 267.

(./thesis.out) (./thesis.out)
\@outlinefile=\write3
\openout3 = `thesis.out'.

 [1

{/var/lib/texmf/fonts/map/pdftex/updmap/pdftex.map}]
LaTeX Font Info:    Try loading font information for OMS+cmr on input line 269.

 (/usr/share/texlive/texmf-dist/tex/latex/base/omscmr.fd
File: omscmr.fd 2014/09/29 v2.5h Standard LaTeX font definitions
)
LaTeX Font Info:    Font shape `OMS/cmr/m/n' in size <12> not available
(Font)              Font shape `OMS/cmsy/m/n' tried instead on input line 269.
 [2

]
(./abstract.tex
Missing character: There is no ¬ in font cmr12!
Missing character: There is no † in font cmr12!
 [3

]) [4] (./acknowledgements.tex) [5

] [6

] (./thesis.toc
LaTeX Font Info:    Try loading font information for U+msa on input line 1.

(/usr/share/texlive/texmf-dist/tex/latex/amsfonts/umsa.fd
File: umsa.fd 2013/01/14 v3.01 AMS symbols A
)
LaTeX Font Info:    Try loading font information for U+msb on input line 1.

(/usr/share/texlive/texmf-dist/tex/latex/amsfonts/umsb.fd
File: umsb.fd 2013/01/14 v3.01 AMS symbols B
) [7


])
\tf@toc=\write4
\openout4 = `thesis.toc'.

 [8]
(./thesis.lot)
\tf@lot=\write5
\openout5 = `thesis.lot'.

 [9


] (./thesis.lof [10


])
\tf@lof=\write6
\openout6 = `thesis.lof'.

 [11]
\openout2 = `ch-intro/chapter-intro.aux'.

 (./ch-intro/chapter-intro.tex
Chapter 1.
[1




] (./ch-intro/intro_contributions.tex [2] [3] [4]
Missing character: There is no ‚ in font cmr12!
Missing character: There is no Ä in font cmr12!
Missing character: There is no ú in font cmr12!
Missing character: There is no ‚ in font cmr12!
Missing character: There is no Ä in font cmr12!
Missing character: There is no ù in font cmr12!

</home/hrishi/work/thesis/pictures/implementation/clutter.png, id=308, 620.3175
pt x 971.12813pt>
File: /home/hrishi/work/thesis/pictures/implementation/clutter.png Graphic file
 (type png)

<use /home/hrishi/work/thesis/pictures/implementation/clutter.png>
Package pdftex.def Info: /home/hrishi/work/thesis/pictures/implementation/clutt
er.png used on input line 33.
(pdftex.def)             Requested size: 372.19337pt x 582.68138pt.
 [5] [6 </home/hrishi/work/thesis/pictures/implementation/clutter.png>])) [7] [
8]
\openout2 = `ch-pastwork/chapter-pastwork.aux'.


(./ch-pastwork/chapter-pastwork.tex
Chapter 2.
(./ch-pastwork/topic1.tex [9



]) (./ch-pastwork/topic2.tex [10] [11] [12])
(./ch-pastwork/topic3.tex [13] [14] [15])) [16]
\openout2 = `ch-implementation/chapter-implementation.aux'.


(./ch-implementation/chapter-implementation.tex
Chapter 3.
[17



]
Missing character: There is no ‚ in font cmr12!
Missing character: There is no Ä in font cmr12!
Missing character: There is no ô in font cmr12!

</home/hrishi/work/thesis/pictures/implementation/coppito0.JPG, id=406, 863.475
94pt x 586.44093pt>
File: /home/hrishi/work/thesis/pictures/implementation/coppito0.JPG Graphic fil
e (type jpg)

<use /home/hrishi/work/thesis/pictures/implementation/coppito0.JPG>
Package pdftex.def Info: /home/hrishi/work/thesis/pictures/implementation/coppi
to0.JPG used on input line 17.
(pdftex.def)             Requested size: 431.73691pt x 293.21974pt.

(./ch-implementation/usage_options.tex [18 </home/hrishi/work/thesis/pictures/i
mplementation/coppito0.JPG>] [19] [20]
Missing character: There is no ‚ in font cmr12!
Missing character: There is no Ä in font cmr12!
Missing character: There is no ú in font cmr12!
Missing character: There is no ‚ in font cmr12!
Missing character: There is no Ä in font cmr12!
Missing character: There is no ù in font cmr12!
Missing character: There is no ‚ in font cmr12!
Missing character: There is no Ä in font cmr12!
Missing character: There is no ú in font cmr12!
Missing character: There is no ‚ in font cmr12!
Missing character: There is no Ä in font cmr12!
Missing character: There is no ù in font cmr12!
Missing character: There is no ‚ in font cmr12!
Missing character: There is no Ä in font cmr12!
Missing character: There is no ú in font cmr12!
Missing character: There is no ‚ in font cmr12!
Missing character: There is no Ä in font cmr12!
Missing character: There is no ù in font cmr12!
Missing character: There is no ‚ in font cmr12!
Missing character: There is no Ä in font cmr12!
Missing character: There is no ú in font cmr12!
Missing character: There is no ‚ in font cmr12!
Missing character: There is no Ä in font cmr12!
Missing character: There is no ù in font cmr12!
Missing character: There is no ‚ in font cmr12!
Missing character: There is no Ä in font cmr12!
Missing character: There is no ú in font cmr12!
Missing character: There is no ‚ in font cmr12!
Missing character: There is no Ä in font cmr12!
Missing character: There is no ù in font cmr12!
Missing character: There is no ‚ in font cmr12!
Missing character: There is no Ä in font cmr12!
Missing character: There is no ú in font cmr12!
Missing character: There is no ‚ in font cmr12!
Missing character: There is no Ä in font cmr12!
Missing character: There is no ù in font cmr12!
Missing character: There is no ‚ in font cmr12!
Missing character: There is no Ä in font cmr12!
Missing character: There is no ú in font cmr12!
Missing character: There is no ‚ in font cmr12!
Missing character: There is no Ä in font cmr12!
Missing character: There is no ù in font cmr12!
Missing character: There is no ‚ in font cmr12!
Missing character: There is no Ä in font cmr12!
Missing character: There is no ú in font cmr12!
Missing character: There is no ‚ in font cmr12!
Missing character: There is no Ä in font cmr12!
Missing character: There is no ù in font cmr12!
Missing character: There is no ‚ in font cmr12!
Missing character: There is no Ä in font cmr12!
Missing character: There is no ú in font cmr12!
Missing character: There is no ‚ in font cmr12!
Missing character: There is no Ä in font cmr12!
Missing character: There is no ù in font cmr12!
Missing character: There is no ‚ in font cmr12!
Missing character: There is no Ä in font cmr12!
Missing character: There is no ú in font cmr12!
Missing character: There is no ‚ in font cmr12!
Missing character: There is no Ä in font cmr12!
Missing character: There is no ù in font cmr12!
Missing character: There is no ‚ in font cmr12!
Missing character: There is no Ä in font cmr12!
Missing character: There is no ú in font cmr12!
Missing character: There is no ‚ in font cmr12!
Missing character: There is no Ä in font cmr12!
Missing character: There is no ù in font cmr12!
 [21]
Missing character: There is no ‚ in font cmr12!
Missing character: There is no Ä in font cmr12!
Missing character: There is no ú in font cmr12!
Missing character: There is no ‚ in font cmr12!
Missing character: There is no Ä in font cmr12!
Missing character: There is no ù in font cmr12!
Missing character: There is no ‚ in font cmr12!
Missing character: There is no Ä in font cmr12!
Missing character: There is no ú in font cmr12!
Missing character: There is no ‚ in font cmr12!
Missing character: There is no Ä in font cmr12!
Missing character: There is no ù in font cmr12!
Missing character: There is no ‚ in font cmr12!
Missing character: There is no Ä in font cmr12!
Missing character: There is no ú in font cmr12!
Missing character: There is no ‚ in font cmr12!
Missing character: There is no Ä in font cmr12!
Missing character: There is no ù in font cmr12!
Missing character: There is no ‚ in font cmr12!
Missing character: There is no Ä in font cmr12!
Missing character: There is no ú in font cmr12!
Missing character: There is no ‚ in font cmr12!
Missing character: There is no Ä in font cmr12!
Missing character: There is no ù in font cmr12!
Missing character: There is no ‚ in font cmr12!
Missing character: There is no Ä in font cmr12!
Missing character: There is no ú in font cmr12!
Missing character: There is no ‚ in font cmr12!
Missing character: There is no Ä in font cmr12!
Missing character: There is no ù in font cmr12!
Missing character: There is no ‚ in font cmr12!
Missing character: There is no Ä in font cmr12!
Missing character: There is no ú in font cmr12!
Missing character: There is no ‚ in font cmr12!
Missing character: There is no Ä in font cmr12!
Missing character: There is no ù in font cmr12!
Missing character: There is no ‚ in font cmr12!
Missing character: There is no Ä in font cmr12!
Missing character: There is no ú in font cmr12!
Missing character: There is no ‚ in font cmr12!
Missing character: There is no Ä in font cmr12!
Missing character: There is no ù in font cmr12!
 [22]
Missing character: There is no ‚ in font cmr12!
Missing character: There is no Ä in font cmr12!
Missing character: There is no ú in font cmr12!
Missing character: There is no ‚ in font cmr12!
Missing character: There is no Ä in font cmr12!
Missing character: There is no ù in font cmr12!
Missing character: There is no ‚ in font cmr12!
Missing character: There is no Ä in font cmr12!
Missing character: There is no ú in font cmr12!
Missing character: There is no ‚ in font cmr12!
Missing character: There is no Ä in font cmr12!
Missing character: There is no ù in font cmr12!

</home/hrishi/work/thesis/pictures/implementation/coppito0building.png, id=466,
 620.3175pt x 971.12813pt>
File: /home/hrishi/work/thesis/pictures/implementation/coppito0building.png Gra
phic file (type png)

<use /home/hrishi/work/thesis/pictures/implementation/coppito0building.png>
Package pdftex.def Info: /home/hrishi/work/thesis/pictures/implementation/coppi
to0building.png used on input line 97.
(pdftex.def)             Requested size: 372.19337pt x 582.68138pt.

[23]
</home/hrishi/work/thesis/pictures/implementation/simulationinaction.png, id=47
6, 620.3175pt x 971.12813pt>
File: /home/hrishi/work/thesis/pictures/implementation/simulationinaction.png G
raphic file (type png)

<use /home/hrishi/work/thesis/pictures/implementation/simulationinaction.png>
Package pdftex.def Info: /home/hrishi/work/thesis/pictures/implementation/simul
ationinaction.png used on input line 104.
(pdftex.def)             Requested size: 372.19337pt x 582.68138pt.

[24 </home/hrishi/work/thesis/pictures/implementation/coppito0building.png>]
[25 </home/hrishi/work/thesis/pictures/implementation/simulationinaction.png>]
</home/hrishi/work/thesis/pictures/implementation/variableOptions.png, id=489, 
196.735pt x 188.705pt>
File: /home/hrishi/work/thesis/pictures/implementation/variableOptions.png Grap
hic file (type png)

<use /home/hrishi/work/thesis/pictures/implementation/variableOptions.png>
Package pdftex.def Info: /home/hrishi/work/thesis/pictures/implementation/varia
bleOptions.png used on input line 115.
(pdftex.def)             Requested size: 137.71355pt x 132.09259pt.

[26 </home/hrishi/work/thesis/pictures/implementation/variableOptions.png>]
Missing character: There is no ‚ in font cmr12!
Missing character: There is no Ä in font cmr12!
Missing character: There is no ú in font cmr12!
Missing character: There is no ‚ in font cmr12!
Missing character: There is no Ä in font cmr12!
Missing character: There is no ù in font cmr12!

[27] [28] [29]
</home/hrishi/work/thesis/pictures/implementation/block.png, id=526, 737.00343p
t x 435.12563pt>
File: /home/hrishi/work/thesis/pictures/implementation/block.png Graphic file (
type png)

<use /home/hrishi/work/thesis/pictures/implementation/block.png>
Package pdftex.def Info: /home/hrishi/work/thesis/pictures/implementation/block
.png used on input line 190.
(pdftex.def)             Requested size: 368.50081pt x 217.56227pt.
 [30 </home/hrishi/work/thesis/pictures/implementation/block.png>]) [31]) [32]
\openout2 = `ch-experimentation/chapter-experimentation.aux'.


(./ch-experimentation/chapter-experimentation.tex
Chapter 4.
[33



] [34] [35] [36]
Missing character: There is no œ in font cmr12!
Missing character: There is no Ñ in font cmr12!
Missing character: There is no œ in font cmr12!
Missing character: There is no Ñ in font cmr12!

Overfull \hbox (20.77011pt too wide) in paragraph at lines 88--89
 [] 
 []

[37] [38]
</home/hrishi/work/thesis/pictures/simulation/Macro_Agent_Simulation.png, id=60
8, 912.40875pt x 564.1075pt>
File: /home/hrishi/work/thesis/pictures/simulation/Macro_Agent_Simulation.png G
raphic file (type png)

<use /home/hrishi/work/thesis/pictures/simulation/Macro_Agent_Simulation.png>
Package pdftex.def Info: /home/hrishi/work/thesis/pictures/simulation/Macro_Age
nt_Simulation.png used on input line 97.
(pdftex.def)             Requested size: 456.20326pt x 282.05305pt.

Overfull \hbox (22.58327pt too wide) in paragraph at lines 97--98
 [][] 
 []

[39 </home/hrishi/work/thesis/pictures/simulation/Macro_Agent_Simulation.png (P
NG copy)>]
</home/hrishi/work/thesis/pictures/simulation/1.png, id=617, 440.64626pt x 385.
44pt>
File: /home/hrishi/work/thesis/pictures/simulation/1.png Graphic file (type png
)
 <use /home/hrishi/work/thesis/pictures/simulation/1.png>
Package pdftex.def Info: /home/hrishi/work/thesis/pictures/simulation/1.png use
d on input line 117.
(pdftex.def)             Requested size: 216.81pt x 189.64359pt.

</home/hrishi/work/thesis/pictures/simulation/2.png, id=618, 457.71pt x 384.436
25pt>
File: /home/hrishi/work/thesis/pictures/simulation/2.png Graphic file (type png
)
 <use /home/hrishi/work/thesis/pictures/simulation/2.png>
Package pdftex.def Info: /home/hrishi/work/thesis/pictures/simulation/2.png use
d on input line 118.
(pdftex.def)             Requested size: 216.81pt x 182.09877pt.

</home/hrishi/work/thesis/pictures/simulation/3.png, id=619, 491.8375pt x 392.4
6625pt>
File: /home/hrishi/work/thesis/pictures/simulation/3.png Graphic file (type png
)
 <use /home/hrishi/work/thesis/pictures/simulation/3.png>
Package pdftex.def Info: /home/hrishi/work/thesis/pictures/simulation/3.png use
d on input line 119.
(pdftex.def)             Requested size: 216.81pt x 173.00307pt.

</home/hrishi/work/thesis/pictures/simulation/4.png, id=620, 443.6575pt x 381.4
25pt>
File: /home/hrishi/work/thesis/pictures/simulation/4.png Graphic file (type png
)
 <use /home/hrishi/work/thesis/pictures/simulation/4.png>
Package pdftex.def Info: /home/hrishi/work/thesis/pictures/simulation/4.png use
d on input line 120.
(pdftex.def)             Requested size: 216.81pt x 186.39352pt.
 [40] [41 </home/hrishi/work/thesis/pictures/simulation/1.png> </home/hrishi/wo
rk/thesis/pictures/simulation/2.png> </home/hrishi/work/thesis/pictures/simulat
ion/3.png> </home/hrishi/work/thesis/pictures/simulation/4.png>]
</home/hrishi/work/thesis/pictures/simulation/EvacuationTimevsAgentSpeedVariati
on.png, id=642, 879.285pt x 543.02875pt>
File: /home/hrishi/work/thesis/pictures/simulation/EvacuationTimevsAgentSpeedVa
riation.png Graphic file (type png)

<use /home/hrishi/work/thesis/pictures/simulation/EvacuationTimevsAgentSpeedVar
iation.png>
Package pdftex.def Info: /home/hrishi/work/thesis/pictures/simulation/Evacuatio
nTimevsAgentSpeedVariation.png used on input line 133.
(pdftex.def)             Requested size: 439.64143pt x 271.5137pt.

Overfull \hbox (6.02144pt too wide) in paragraph at lines 133--134
 [][] 
 []

[42 </home/hrishi/work/thesis/pictures/simulation/EvacuationTimevsAgentSpeedVar
iation.png (PNG copy)>]
</home/hrishi/work/thesis/pictures/simulation/Micro_vs_Macro_Agent_Simulation.p
ng, id=652, 999.735pt x 623.32875pt>
File: /home/hrishi/work/thesis/pictures/simulation/Micro_vs_Macro_Agent_Simulat
ion.png Graphic file (type png)

<use /home/hrishi/work/thesis/pictures/simulation/Micro_vs_Macro_Agent_Simulati
on.png>
Package pdftex.def Info: /home/hrishi/work/thesis/pictures/simulation/Micro_vs_
Macro_Agent_Simulation.png used on input line 196.
(pdftex.def)             Requested size: 469.87552pt x 292.96455pt.

Overfull \hbox (36.25552pt too wide) in paragraph at lines 196--197
 [][] 
 []

[43] [44] [45 </home/hrishi/work/thesis/pictures/simulation/Micro_vs_Macro_Agen
t_Simulation.png (PNG copy)>] [46] [47] [48]
</home/hrishi/work/thesis/pictures/simulation/Optimistic_Graph_for_Macro_Agent_
Simulation.png, id=687, 909.3975pt x 562.1pt>
File: /home/hrishi/work/thesis/pictures/simulation/Optimistic_Graph_for_Macro_A
gent_Simulation.png Graphic file (type png)

<use /home/hrishi/work/thesis/pictures/simulation/Optimistic_Graph_for_Macro_Ag
ent_Simulation.png>
Package pdftex.def Info: /home/hrishi/work/thesis/pictures/simulation/Optimisti
c_Graph_for_Macro_Agent_Simulation.png used on input line 357.
(pdftex.def)             Requested size: 409.2251pt x 252.94266pt.
 [49]
</home/hrishi/work/thesis/pictures/simulation/Pessimistic_Graph_for_Macro_Agent
_Simulation.png, id=692, 938.50626pt x 580.1675pt>
File: /home/hrishi/work/thesis/pictures/simulation/Pessimistic_Graph_for_Macro_
Agent_Simulation.png Graphic file (type png)

<use /home/hrishi/work/thesis/pictures/simulation/Pessimistic_Graph_for_Macro_A
gent_Simulation.png>
Package pdftex.def Info: /home/hrishi/work/thesis/pictures/simulation/Pessimist
ic_Graph_for_Macro_Agent_Simulation.png used on input line 364.
(pdftex.def)             Requested size: 422.32391pt x 261.07295pt.
 [50 </home/hrishi/work/thesis/pictures/simulation/Optimistic_Graph_for_Macro_A
gent_Simulation.png (PNG copy)>]
</home/hrishi/work/thesis/pictures/simulation/Pessimistic_and_Optimistic_Evacua
tion_Time_for_Micro_Agent_Simulation.png, id=698, 935.495pt x 578.16pt>
File: /home/hrishi/work/thesis/pictures/simulation/Pessimistic_and_Optimistic_E
vacuation_Time_for_Micro_Agent_Simulation.png Graphic file (type png)

<use /home/hrishi/work/thesis/pictures/simulation/Pessimistic_and_Optimistic_Ev
acuation_Time_for_Micro_Agent_Simulation.png>
Package pdftex.def Info: /home/hrishi/work/thesis/pictures/simulation/Pessimist
ic_and_Optimistic_Evacuation_Time_for_Micro_Agent_Simulation.png used on input 
line 371.
(pdftex.def)             Requested size: 420.96886pt x 260.16959pt.

</home/hrishi/work/thesis/pictures/simulation/summary.png, id=699, 971.63pt x 5
90.205pt>
File: /home/hrishi/work/thesis/pictures/simulation/summary.png Graphic file (ty
pe png)
 <use /home/hrishi/work/thesis/pictures/simulation/summary.png>
Package pdftex.def Info: /home/hrishi/work/thesis/pictures/simulation/summary.p
ng used on input line 378.
(pdftex.def)             Requested size: 437.22946pt x 265.58978pt.

Overfull \hbox (3.60947pt too wide) in paragraph at lines 378--379
 [][] 
 []

[51 </home/hrishi/work/thesis/pictures/simulation/Pessimistic_Graph_for_Macro_A
gent_Simulation.png (PNG copy)> </home/hrishi/work/thesis/pictures/simulation/P
essimistic_and_Optimistic_Evacuation_Time_for_Micro_Agent_Simulation.png (PNG c
opy)>] [52 </home/hrishi/work/thesis/pictures/simulation/summary.png (PNG copy)
>] [53] [54]
</home/hrishi/work/thesis/pictures/simulation/ideal_evacuation_along_shortest_p
aths.JPG, id=726, 891.33pt x 414.04688pt>
File: /home/hrishi/work/thesis/pictures/simulation/ideal_evacuation_along_short
est_paths.JPG Graphic file (type jpg)

<use /home/hrishi/work/thesis/pictures/simulation/ideal_evacuation_along_shorte
st_paths.JPG>
Package pdftex.def Info: /home/hrishi/work/thesis/pictures/simulation/ideal_eva
cuation_along_shortest_paths.JPG used on input line 417.
(pdftex.def)             Requested size: 445.66391pt x 207.02292pt.

Overfull \hbox (12.04391pt too wide) in paragraph at lines 417--418
 [][] 
 []

[55]
</home/hrishi/work/thesis/pictures/simulation/Optimistic_Macro.png, id=731, 890
.32625pt x 550.055pt>
File: /home/hrishi/work/thesis/pictures/simulation/Optimistic_Macro.png Graphic
 file (type png)

<use /home/hrishi/work/thesis/pictures/simulation/Optimistic_Macro.png>
Package pdftex.def Info: /home/hrishi/work/thesis/pictures/simulation/Optimisti
c_Macro.png used on input line 426.
(pdftex.def)             Requested size: 445.16203pt x 275.02682pt.

Overfull \hbox (11.54204pt too wide) in paragraph at lines 426--427
 [][] 
 []

[56 </home/hrishi/work/thesis/pictures/simulation/ideal_evacuation_along_shorte
st_paths.JPG>] [57 </home/hrishi/work/thesis/pictures/simulation/Optimistic_Mac
ro.png (PNG copy)>] [58]
</home/hrishi/work/thesis/pictures/simulation/Pessimistic_Macro.png, id=752, 92
1.4425pt x 569.12625pt>
File: /home/hrishi/work/thesis/pictures/simulation/Pessimistic_Macro.png Graphi
c file (type png)

<use /home/hrishi/work/thesis/pictures/simulation/Pessimistic_Macro.png>
Package pdftex.def Info: /home/hrishi/work/thesis/pictures/simulation/Pessimist
ic_Macro.png used on input line 447.
(pdftex.def)             Requested size: 460.72012pt x 284.56242pt.

Overfull \hbox (27.10013pt too wide) in paragraph at lines 447--448
 [][] 
 []

[59 </home/hrishi/work/thesis/pictures/simulation/Pessimistic_Macro.png (PNG co
py)>]
</home/hrishi/work/thesis/pictures/simulation/Optimistic_Micro.png, id=758, 840
.13875pt x 519.9425pt>
File: /home/hrishi/work/thesis/pictures/simulation/Optimistic_Micro.png Graphic
 file (type png)

<use /home/hrishi/work/thesis/pictures/simulation/Optimistic_Micro.png>
Package pdftex.def Info: /home/hrishi/work/thesis/pictures/simulation/Optimisti
c_Micro.png used on input line 467.
(pdftex.def)             Requested size: 420.06834pt x 259.97061pt.

</home/hrishi/work/thesis/pictures/simulation/Pessimistic_Micro.png, id=760, 85
7.2025pt x 528.97626pt>
File: /home/hrishi/work/thesis/pictures/simulation/Pessimistic_Micro.png Graphi
c file (type png)

<use /home/hrishi/work/thesis/pictures/simulation/Pessimistic_Micro.png>
Package pdftex.def Info: /home/hrishi/work/thesis/pictures/simulation/Pessimist
ic_Micro.png used on input line 476.
(pdftex.def)             Requested size: 428.6002pt x 264.48747pt.

[60 </home/hrishi/work/thesis/pictures/simulation/Optimistic_Micro.png (PNG cop
y)>] [61 </home/hrishi/work/thesis/pictures/simulation/Pessimistic_Micro.png (P
NG copy)>]) [62]
\openout2 = `ch-conclusion/chapter-conclusion.aux'.

 (./ch-conclusion/chapter-conclusion.tex
Chapter 5.
(./ch-conclusion/conclusion.tex [63



]) (./ch-conclusion/futurework.tex))
[64]
\openout2 = `ch-appendicies/implementation.aux'.

 (./ch-appendicies/implementation.tex
Appendix A.

Underfull \hbox (badness 10000) in paragraph at lines 10--12

 []

(/usr/share/texlive/texmf-dist/tex/latex/listings/lstlang1.sty
File: lstlang1.sty 2015/06/04 1.6 listings language file
)
(/usr/share/texlive/texmf-dist/tex/latex/listings/lstmisc.sty
File: lstmisc.sty 2015/06/04 1.6 (Carsten Heinz)
) [65



] [66]
Underfull \hbox (badness 10000) in paragraph at lines 87--89

 []

[67]) [68]
\openout2 = `ch-appendicies/impl2.aux'.

 (./ch-appendicies/impl2.tex
Appendix B.

Underfull \hbox (badness 10000) in paragraph at lines 7--8

 []


Underfull \hbox (badness 10000) in paragraph at lines 7--8

 []

[69



] [70] [71] [72] [73] [74] [75] [76] [77] [78]) [79] (./thesis.bbl
Underfull \hbox (badness 10000) in paragraph at lines 4--8
[]\OT1/cmr/m/n/12 Fire safety in the work-place.  []$\OT1/cmtt/m/n/12 https : /
 / www . gov . uk /
 []


Underfull \hbox (badness 10000) in paragraph at lines 10--15
\OT1/cmtt/m/n/12 pages / protection / pdf / Calculating _ Occupancy _ assembly 
_ buildings _ GT .
 []

Missing character: There is no ‚ in font cmr12!
Missing character: There is no Ä in font cmr12!
Missing character: There is no ô in font cmr12!
Missing character: There is no ‚ in font cmr12!
Missing character: There is no Ä in font cmr12!
Missing character: There is no ì in font cmr12!
[80



] [81]
Missing character: There is no √ in font cmr12!
Missing character: There is no π in font cmr12!
)
Package atveryend Info: Empty hook `BeforeClearDocument' on input line 301.
 [82]
Package atveryend Info: Empty hook `AfterLastShipout' on input line 301.
 (./thesis.aux (./ch-intro/chapter-intro.aux)
(./ch-pastwork/chapter-pastwork.aux)
(./ch-implementation/chapter-implementation.aux)
(./ch-experimentation/chapter-experimentation.aux)
(./ch-conclusion/chapter-conclusion.aux) (./ch-appendicies/implementation.aux)
(./ch-appendicies/impl2.aux))
Package atveryend Info: Executing hook `AtVeryEndDocument' on input line 301.
Package atveryend Info: Executing hook `AtEndAfterFileList' on input line 301.
Package rerunfilecheck Info: File `thesis.out' has not changed.
(rerunfilecheck)             Checksum: 20FFCAA4D92E4D7FBABCEF50D959BF09;2389.
Package atveryend Info: Empty hook `AtVeryVeryEnd' on input line 301.
 ) 
Here is how much of TeX's memory you used:
 11722 strings out of 493029
 178893 string characters out of 6136234
 539075 words of memory out of 5000000
 14294 multiletter control sequences out of 15000+600000
 13243 words of font info for 50 fonts, out of 8000000 for 9000
 1141 hyphenation exceptions out of 8191
 53i,16n,97p,2136b,1851s stack positions out of 5000i,500n,10000p,200000b,80000s
</usr/share/texlive/texmf-dist/fonts/type1/public/amsfonts/cm/cmbx12.pfb></us
r/share/texlive/texmf-dist/fonts/type1/public/amsfonts/cm/cmcsc10.pfb></usr/sha
re/texlive/texmf-dist/fonts/type1/public/amsfonts/cm/cmex10.pfb></usr/share/tex
live/texmf-dist/fonts/type1/public/amsfonts/cm/cmmi10.pfb></usr/share/texlive/t
exmf-dist/fonts/type1/public/amsfonts/cm/cmmi12.pfb></usr/share/texlive/texmf-d
ist/fonts/type1/public/amsfonts/cm/cmmi8.pfb></usr/share/texlive/texmf-dist/fon
ts/type1/public/amsfonts/cm/cmr10.pfb></usr/share/texlive/texmf-dist/fonts/type
1/public/amsfonts/cm/cmr12.pfb></usr/share/texlive/texmf-dist/fonts/type1/publi
c/amsfonts/cm/cmr8.pfb></usr/share/texlive/texmf-dist/fonts/type1/public/amsfon
ts/cm/cmsy10.pfb></usr/share/texlive/texmf-dist/fonts/type1/public/amsfonts/cm/
cmsy8.pfb></usr/share/texlive/texmf-dist/fonts/type1/public/amsfonts/cm/cmti12.
pfb></usr/share/texlive/texmf-dist/fonts/type1/public/amsfonts/cm/cmtt10.pfb></
usr/share/texlive/texmf-dist/fonts/type1/public/amsfonts/cm/cmtt12.pfb>
Output written on thesis.pdf (93 pages, 1801065 bytes).
PDF statistics:
 1457 PDF objects out of 1728 (max. 8388607)
 1303 compressed objects within 14 object streams
 647 named destinations out of 1000 (max. 500000)
 375 words of extra memory for PDF output out of 10000 (max. 10000000)

