\BOOKMARK [1][-]{Doc-Start}{Abstract}{}% 1
\BOOKMARK [1][-]{section*.1}{Acknowledgements}{}% 2
\BOOKMARK [1][-]{Contents.1}{Contents}{}% 3
\BOOKMARK [1][-]{section*.4}{List of Tables}{}% 4
\BOOKMARK [1][-]{section*.6}{List of Figures}{}% 5
\BOOKMARK [0][-]{chapter.1}{1 Introduction}{}% 6
\BOOKMARK [1][-]{section.1.1}{1.1 Motivation}{chapter.1}% 7
\BOOKMARK [1][-]{section.1.2}{1.2 Agent Based Model Simulation}{chapter.1}% 8
\BOOKMARK [1][-]{section.1.3}{1.3 PedSim Simulator}{chapter.1}% 9
\BOOKMARK [1][-]{section.1.4}{1.4 Objectives and Approach}{chapter.1}% 10
\BOOKMARK [1][-]{section.1.5}{1.5 Thesis Outline}{chapter.1}% 11
\BOOKMARK [0][-]{chapter.2}{2 Related Work}{}% 12
\BOOKMARK [1][-]{section.2.1}{2.1 Pre-Modern Disaster Preparedness, Management and Relief Techniques}{chapter.2}% 13
\BOOKMARK [1][-]{section.2.2}{2.2 Routing Algorithms and IoT Based Evacuation Management}{chapter.2}% 14
\BOOKMARK [1][-]{section.2.3}{2.3 Simulation Tools and Constraints}{chapter.2}% 15
\BOOKMARK [0][-]{chapter.3}{3 PedSim Environment and Setup}{}% 16
\BOOKMARK [1][-]{section.3.1}{3.1 Scenario Description}{chapter.3}% 17
\BOOKMARK [1][-]{section.3.2}{3.2 PedSim Library Modules}{chapter.3}% 18
\BOOKMARK [1][-]{section.3.3}{3.3 Algorithm Description}{chapter.3}% 19
\BOOKMARK [1][-]{section.3.4}{3.4 Topology Formulation}{chapter.3}% 20
\BOOKMARK [0][-]{chapter.4}{4 Experimentation and Analysis}{}% 21
\BOOKMARK [1][-]{section.4.1}{4.1 Optimization through Constraints}{chapter.4}% 22
\BOOKMARK [1][-]{section.4.2}{4.2 Simulation and Scenario Analysis}{chapter.4}% 23
\BOOKMARK [2][-]{subsection.4.2.1}{4.2.1 }{section.4.2}% 24
\BOOKMARK [0][-]{section*.8}{Bibliography}{}% 25
